Base path: /Applications/Unity/Unity.app/Contents
Cmd: initializeCompiler
Cmd: disassembleShader
  api=5 insize=5951 outsize=5951 ok=1
Cmd: disassembleShader
  api=5 insize=7263 outsize=7263 ok=1
Cmd: disassembleShader
  api=5 insize=7250 outsize=7250 ok=1
Cmd: disassembleShader
  api=14 insize=3566 outsize=3550 ok=1
Cmd: disassembleShader
  api=14 insize=4142 outsize=4126 ok=1
Cmd: disassembleShader
  api=14 insize=4142 outsize=4126 ok=1
Cmd: disassembleShader
  api=5 insize=5951 outsize=5951 ok=1
Cmd: disassembleShader
  api=14 insize=3471 outsize=3455 ok=1
Cmd: disassembleShader
  api=5 insize=9198 outsize=9198 ok=1
Cmd: disassembleShader
  api=14 insize=5763 outsize=5747 ok=1
Cmd: disassembleShader
  api=5 insize=7541 outsize=7541 ok=1
Cmd: disassembleShader
  api=5 insize=10489 outsize=10489 ok=1
Cmd: disassembleShader
  api=14 insize=5858 outsize=5842 ok=1
Cmd: disassembleShader
  api=14 insize=4958 outsize=4942 ok=1
Cmd: disassembleShader
  api=5 insize=0 outsize=57 ok=1
Cmd: disassembleShader
  api=14 insize=5888 outsize=5872 ok=1
Cmd: disassembleShader
  api=5 insize=0 outsize=57 ok=1
Cmd: disassembleShader
  api=5 insize=0 outsize=57 ok=1
Cmd: disassembleShader
  api=14 insize=8048 outsize=8032 ok=1
Cmd: disassembleShader
  api=5 insize=5019 outsize=5019 ok=1
Cmd: disassembleShader
  api=5 insize=4169 outsize=4169 ok=1
Cmd: disassembleShader
  api=14 insize=3573 outsize=3557 ok=1
Cmd: disassembleShader
  api=5 insize=5382 outsize=5382 ok=1
Cmd: disassembleShader
  api=14 insize=3558 outsize=3542 ok=1
Cmd: disassembleShader
  api=5 insize=5112 outsize=5112 ok=1
Cmd: disassembleShader
  api=14 insize=3558 outsize=3542 ok=1
Cmd: disassembleShader
  api=5 insize=4758 outsize=4758 ok=1
Cmd: disassembleShader
  api=14 insize=3573 outsize=3557 ok=1
Cmd: disassembleShader
  api=5 insize=6986 outsize=6986 ok=1
Cmd: disassembleShader
  api=14 insize=3653 outsize=3637 ok=1
Cmd: disassembleShader
  api=5 insize=7592 outsize=7592 ok=1
Cmd: disassembleShader
  api=14 insize=3653 outsize=3637 ok=1
Cmd: disassembleShader
  api=14 insize=3668 outsize=3652 ok=1
Cmd: disassembleShader
  api=14 insize=3668 outsize=3652 ok=1
Cmd: disassembleShader
  api=5 insize=6263 outsize=6263 ok=1
Cmd: disassembleShader
  api=5 insize=6830 outsize=6830 ok=1
Cmd: disassembleShader
  api=14 insize=3652 outsize=3636 ok=1
Cmd: disassembleShader
  api=5 insize=8920 outsize=8920 ok=1
Cmd: disassembleShader
  api=14 insize=3652 outsize=3636 ok=1
Cmd: disassembleShader
  api=5 insize=6920 outsize=6920 ok=1
Cmd: disassembleShader
  api=14 insize=3652 outsize=3636 ok=1
Cmd: disassembleShader
  api=5 insize=9010 outsize=9010 ok=1
Cmd: disassembleShader
  api=5 insize=0 outsize=57 ok=1
Cmd: disassembleShader
  api=5 insize=0 outsize=57 ok=1
Cmd: disassembleShader
  api=14 insize=3612 outsize=3596 ok=1
Cmd: disassembleShader
  api=14 insize=4574 outsize=4558 ok=1
Cmd: disassembleShader
  api=5 insize=0 outsize=57 ok=1
Cmd: disassembleShader
  api=14 insize=4870 outsize=4854 ok=1
Cmd: disassembleShader
  api=5 insize=0 outsize=57 ok=1
Cmd: disassembleShader
  api=5 insize=0 outsize=57 ok=1
Cmd: disassembleShader
  api=14 insize=7137 outsize=7121 ok=1
Cmd: disassembleShader
  api=14 insize=7727 outsize=7711 ok=1
Cmd: disassembleShader
  api=5 insize=0 outsize=57 ok=1
Cmd: disassembleShader
  api=14 insize=5738 outsize=5722 ok=1
Cmd: disassembleShader
  api=14 insize=5893 outsize=5877 ok=1
Cmd: disassembleShader
  api=5 insize=0 outsize=57 ok=1
Cmd: disassembleShader
  api=14 insize=6402 outsize=6386 ok=1
Cmd: disassembleShader
  api=14 insize=7125 outsize=7109 ok=1
Cmd: disassembleShader
  api=5 insize=0 outsize=57 ok=1
Cmd: disassembleShader
  api=5 insize=0 outsize=57 ok=1
Cmd: disassembleShader
  api=14 insize=7376 outsize=7360 ok=1
Cmd: disassembleShader
  api=5 insize=1400 outsize=1400 ok=1
Cmd: disassembleShader
  api=14 insize=2921 outsize=2905 ok=1
Cmd: disassembleShader
  api=5 insize=974 outsize=974 ok=1
Cmd: disassembleShader
  api=5 insize=0 outsize=57 ok=1
Cmd: disassembleShader
  api=14 insize=501 outsize=485 ok=1
Cmd: disassembleShader
  api=14 insize=991 outsize=975 ok=1
Cmd: disassembleShader
  api=5 insize=3628 outsize=3628 ok=1
Cmd: disassembleShader
  api=14 insize=3471 outsize=3455 ok=1
Cmd: disassembleShader
  api=5 insize=5016 outsize=5016 ok=1
Cmd: disassembleShader
  api=14 insize=4047 outsize=4031 ok=1
Cmd: disassembleShader
  api=5 insize=5007 outsize=5007 ok=1
Cmd: disassembleShader
  api=14 insize=4047 outsize=4031 ok=1
Cmd: disassembleShader
  api=14 insize=2435 outsize=2419 ok=1
Cmd: disassembleShader
  api=5 insize=0 outsize=57 ok=1
Cmd: disassembleShader
  api=14 insize=3453 outsize=3437 ok=1
Cmd: disassembleShader
  api=14 insize=3407 outsize=3391 ok=1
Cmd: disassembleShader
  api=5 insize=5546 outsize=5546 ok=1
Cmd: disassembleShader
  api=14 insize=3597 outsize=3581 ok=1
Cmd: disassembleShader
  api=5 insize=6929 outsize=6929 ok=1
Cmd: disassembleShader
  api=14 insize=4983 outsize=4967 ok=1
Cmd: disassembleShader
  api=5 insize=7541 outsize=7541 ok=1
Cmd: disassembleShader
  api=14 insize=3566 outsize=3550 ok=1
Cmd: disassembleShader
  api=5 insize=8845 outsize=8845 ok=1
Cmd: disassembleShader
  api=5 insize=5546 outsize=5546 ok=1
Cmd: disassembleShader
  api=14 insize=3597 outsize=3581 ok=1
Cmd: disassembleShader
  api=5 insize=8760 outsize=8760 ok=1
Cmd: disassembleShader
  api=14 insize=6399 outsize=6383 ok=1
Cmd: disassembleShader
  api=5 insize=7250 outsize=7250 ok=1
Cmd: disassembleShader
  api=14 insize=3566 outsize=3550 ok=1
Cmd: disassembleShader
  api=14 insize=3566 outsize=3550 ok=1
Cmd: disassembleShader
  api=5 insize=10780 outsize=10780 ok=1
Cmd: disassembleShader
  api=14 insize=5858 outsize=5842 ok=1
Cmd: disassembleShader
  api=14 insize=4576 outsize=4560 ok=1
Cmd: disassembleShader
  api=14 insize=4576 outsize=4560 ok=1
Cmd: disassembleShader
  api=5 insize=0 outsize=57 ok=1
Cmd: disassembleShader
  api=5 insize=0 outsize=57 ok=1
Cmd: disassembleShader
  api=14 insize=7903 outsize=7887 ok=1
Cmd: disassembleShader
  api=14 insize=8910 outsize=8894 ok=1
Cmd: disassembleShader
  api=5 insize=4827 outsize=4827 ok=1
Cmd: disassembleShader
  api=5 insize=4184 outsize=4184 ok=1
Cmd: disassembleShader
  api=14 insize=3697 outsize=3681 ok=1
Cmd: disassembleShader
  api=5 insize=5191 outsize=5191 ok=1
Cmd: disassembleShader
  api=5 insize=4920 outsize=4920 ok=1
Cmd: disassembleShader
  api=14 insize=3827 outsize=3811 ok=1
Cmd: disassembleShader
  api=5 insize=4619 outsize=4619 ok=1
Cmd: disassembleShader
  api=5 insize=6090 outsize=6090 ok=1
Cmd: disassembleShader
  api=14 insize=3922 outsize=3906 ok=1
Cmd: disassembleShader
  api=14 insize=3668 outsize=3652 ok=1
Cmd: disassembleShader
  api=14 insize=3668 outsize=3652 ok=1
Cmd: disassembleShader
  api=5 insize=6263 outsize=6263 ok=1
Cmd: disassembleShader
  api=14 insize=3668 outsize=3652 ok=1
Cmd: disassembleShader
  api=5 insize=5860 outsize=5860 ok=1
Cmd: disassembleShader
  api=5 insize=5953 outsize=5953 ok=1
Cmd: disassembleShader
  api=14 insize=3921 outsize=3905 ok=1
Cmd: disassembleShader
  api=14 insize=3762 outsize=3746 ok=1
Cmd: disassembleShader
  api=5 insize=0 outsize=57 ok=1
Cmd: disassembleShader
  api=14 insize=2948 outsize=2932 ok=1
Cmd: disassembleShader
  api=14 insize=4268 outsize=4252 ok=1
Cmd: disassembleShader
  api=5 insize=0 outsize=57 ok=1
Cmd: disassembleShader
  api=14 insize=4050 outsize=4034 ok=1
Cmd: disassembleShader
  api=5 insize=0 outsize=57 ok=1
Cmd: disassembleShader
  api=14 insize=3701 outsize=3685 ok=1
Cmd: disassembleShader
  api=14 insize=5278 outsize=5262 ok=1
Cmd: disassembleShader
  api=14 insize=5738 outsize=5722 ok=1
Cmd: disassembleShader
  api=14 insize=5893 outsize=5877 ok=1
Cmd: disassembleShader
  api=5 insize=0 outsize=57 ok=1
Cmd: disassembleShader
  api=5 insize=0 outsize=57 ok=1
Cmd: disassembleShader
  api=5 insize=1400 outsize=1400 ok=1
Cmd: disassembleShader
  api=5 insize=974 outsize=974 ok=1
Cmd: disassembleShader
  api=14 insize=1864 outsize=1848 ok=1
Cmd: disassembleShader
  api=14 insize=501 outsize=485 ok=1
Cmd: disassembleShader
  api=14 insize=991 outsize=975 ok=1
Unhandled exception: Protocol error - failed to read correct magic number

Quitting shader compiler process
